# JRE version: OpenJDK Runtime Environment Microsoft-25199 (11.0.12+7) (build 11.0.12+7)
# Java VM: OpenJDK 64-Bit Server VM Microsoft-25199 (11.0.12+7, mixed mode, tiered, compressed oops, g1 gc, windows-amd64)
Heap:
 garbage-first heap   total 171008K, used 94087K [0x00000000c0000000, 0x0000000100000000)
  region size 1024K, 6 young (6144K), 2 survivors (2048K)
 Metaspace       used 20424K, capacity 20887K, committed 21120K, reserved 1069056K
  class space    used 2183K, capacity 2376K, committed 2432K, reserved 1048576K
GC Heap History (20 events):
Event: 12.249 GC heap before
{Heap before GC invocations=8 (full 0):
 garbage-first heap   total 131072K, used 80533K [0x00000000c0000000, 0x0000000100000000)
  region size 1024K, 31 young (31744K), 3 survivors (3072K)
 Metaspace       used 12941K, capacity 13149K, committed 13440K, reserved 1060864K
  class space    used 1284K, capacity 1358K, committed 1408K, reserved 1048576K
}
Event: 12.297 GC heap after
{Heap after GC invocations=9 (full 0):
 garbage-first heap   total 131072K, used 59169K [0x00000000c0000000, 0x0000000100000000)
  region size 1024K, 4 young (4096K), 4 survivors (4096K)
 Metaspace       used 12941K, capacity 13149K, committed 13440K, reserved 1060864K
  class space    used 1284K, capacity 1358K, committed 1408K, reserved 1048576K
}
Event: 16.384 GC heap before
{Heap before GC invocations=9 (full 0):
 garbage-first heap   total 131072K, used 86817K [0x00000000c0000000, 0x0000000100000000)
  region size 1024K, 31 young (31744K), 4 survivors (4096K)
 Metaspace       used 13800K, capacity 14031K, committed 14336K, reserved 1062912K
  class space    used 1391K, capacity 1481K, committed 1536K, reserved 1048576K
}
Event: 16.416 GC heap after
{Heap after GC invocations=10 (full 0):
 garbage-first heap   total 171008K, used 64891K [0x00000000c0000000, 0x0000000100000000)
  region size 1024K, 4 young (4096K), 4 survivors (4096K)
 Metaspace       used 13800K, capacity 14031K, committed 14336K, reserved 1062912K
  class space    used 1391K, capacity 1481K, committed 1536K, reserved 1048576K
}
Event: 18.414 GC heap before
{Heap before GC invocations=10 (full 0):
 garbage-first heap   total 171008K, used 102779K [0x00000000c0000000, 0x0000000100000000)
  region size 1024K, 41 young (41984K), 4 survivors (4096K)
 Metaspace       used 13812K, capacity 14031K, committed 14336K, reserved 1062912K
  class space    used 1391K, capacity 1481K, committed 1536K, reserved 1048576K
}
Event: 18.671 GC heap after
{Heap after GC invocations=11 (full 0):
 garbage-first heap   total 171008K, used 72471K [0x00000000c0000000, 0x0000000100000000)
  region size 1024K, 6 young (6144K), 6 survivors (6144K)
 Metaspace       used 13812K, capacity 14031K, committed 14336K, reserved 1062912K
  class space    used 1391K, capacity 1481K, committed 1536K, reserved 1048576K
}
Event: 23.505 GC heap before
{Heap before GC invocations=11 (full 0):
 garbage-first heap   total 171008K, used 110359K [0x00000000c0000000, 0x0000000100000000)
  region size 1024K, 43 young (44032K), 6 survivors (6144K)
 Metaspace       used 13817K, capacity 14031K, committed 14336K, reserved 1062912K
  class space    used 1392K, capacity 1481K, committed 1536K, reserved 1048576K
}
Event: 23.549 GC heap after
{Heap after GC invocations=12 (full 0):
 garbage-first heap   total 171008K, used 79872K [0x00000000c0000000, 0x0000000100000000)
  region size 1024K, 6 young (6144K), 6 survivors (6144K)
 Metaspace       used 13817K, capacity 14031K, committed 14336K, reserved 1062912K
  class space    used 1392K, capacity 1481K, committed 1536K, reserved 1048576K
}
Event: 25.405 GC heap before
{Heap before GC invocations=12 (full 0):
 garbage-first heap   total 171008K, used 117760K [0x00000000c0000000, 0x0000000100000000)
  region size 1024K, 43 young (44032K), 6 survivors (6144K)
 Metaspace       used 13817K, capacity 14031K, committed 14336K, reserved 1062912K
  class space    used 1392K, capacity 1481K, committed 1536K, reserved 1048576K
}
Event: 25.424 GC heap after
{Heap after GC invocations=13 (full 0):
 garbage-first heap   total 171008K, used 87368K [0x00000000c0000000, 0x0000000100000000)
  region size 1024K, 6 young (6144K), 6 survivors (6144K)
 Metaspace       used 13817K, capacity 14031K, committed 14336K, reserved 1062912K
  class space    used 1392K, capacity 1481K, committed 1536K, reserved 1048576K
}
Event: 31.423 GC heap before
{Heap before GC invocations=13 (full 0):
 garbage-first heap   total 171008K, used 123208K [0x00000000c0000000, 0x0000000100000000)
  region size 1024K, 41 young (41984K), 6 survivors (6144K)
 Metaspace       used 17599K, capacity 17982K, committed 18048K, reserved 1064960K
  class space    used 1986K, capacity 2176K, committed 2176K, reserved 1048576K
}
Event: 31.445 GC heap after
{Heap after GC invocations=14 (full 0):
 garbage-first heap   total 171008K, used 93794K [0x00000000c0000000, 0x0000000100000000)
  region size 1024K, 6 young (6144K), 6 survivors (6144K)
 Metaspace       used 17599K, capacity 17982K, committed 18048K, reserved 1064960K
  class space    used 1986K, capacity 2176K, committed 2176K, reserved 1048576K
}
Event: 43.788 GC heap before
{Heap before GC invocations=15 (full 0):
 garbage-first heap   total 171008K, used 127586K [0x00000000c0000000, 0x0000000100000000)
  region size 1024K, 40 young (40960K), 6 survivors (6144K)
 Metaspace       used 19732K, capacity 20172K, committed 20352K, reserved 1067008K
  class space    used 2161K, capacity 2361K, committed 2432K, reserved 1048576K
}
Event: 43.803 GC heap after
{Heap after GC invocations=16 (full 0):
 garbage-first heap   total 171008K, used 95387K [0x00000000c0000000, 0x0000000100000000)
  region size 1024K, 2 young (2048K), 2 survivors (2048K)
 Metaspace       used 19732K, capacity 20172K, committed 20352K, reserved 1067008K
  class space    used 2161K, capacity 2361K, committed 2432K, reserved 1048576K
}
Event: 46.037 GC heap before
{Heap before GC invocations=16 (full 0):
 garbage-first heap   total 171008K, used 101531K [0x00000000c0000000, 0x0000000100000000)
  region size 1024K, 8 young (8192K), 2 survivors (2048K)
 Metaspace       used 19827K, capacity 20237K, committed 20352K, reserved 1067008K
  class space    used 2166K, capacity 2361K, committed 2432K, reserved 1048576K
}
Event: 46.056 GC heap after
{Heap after GC invocations=17 (full 0):
 garbage-first heap   total 171008K, used 90181K [0x00000000c0000000, 0x0000000100000000)
  region size 1024K, 1 young (1024K), 1 survivors (1024K)
 Metaspace       used 19827K, capacity 20237K, committed 20352K, reserved 1067008K
  class space    used 2166K, capacity 2361K, committed 2432K, reserved 1048576K
}
Event: 54.559 GC heap before
{Heap before GC invocations=17 (full 0):
 garbage-first heap   total 171008K, used 128069K [0x00000000c0000000, 0x0000000100000000)
  region size 1024K, 38 young (38912K), 1 survivors (1024K)
 Metaspace       used 20258K, capacity 20670K, committed 20864K, reserved 1067008K
  class space    used 2186K, capacity 2394K, committed 2432K, reserved 1048576K
}
Event: 54.572 GC heap after
{Heap after GC invocations=18 (full 0):
 garbage-first heap   total 171008K, used 90439K [0x00000000c0000000, 0x0000000100000000)
  region size 1024K, 1 young (1024K), 1 survivors (1024K)
 Metaspace       used 20258K, capacity 20670K, committed 20864K, reserved 1067008K
  class space    used 2186K, capacity 2394K, committed 2432K, reserved 1048576K
}
Event: 68.180 GC heap before
{Heap before GC invocations=19 (full 0):
 garbage-first heap   total 171008K, used 130375K [0x00000000c0000000, 0x0000000100000000)
  region size 1024K, 40 young (40960K), 1 survivors (1024K)
 Metaspace       used 20411K, capacity 20818K, committed 21120K, reserved 1069056K
  class space    used 2182K, capacity 2374K, committed 2432K, reserved 1048576K
}
Event: 68.189 GC heap after
{Heap after GC invocations=20 (full 0):
 garbage-first heap   total 171008K, used 91015K [0x00000000c0000000, 0x0000000100000000)
  region size 1024K, 2 young (2048K), 2 survivors (2048K)
 Metaspace       used 20411K, capacity 20818K, committed 21120K, reserved 1069056K
  class space    used 2182K, capacity 2374K, committed 2432K, reserved 1048576K
}

